   1              		.cpu arm7tdmi
   2              		.fpu softvfp
   3              		.eabi_attribute 20, 1
   4              		.eabi_attribute 21, 1
   5              		.eabi_attribute 23, 3
   6              		.eabi_attribute 24, 1
   7              		.eabi_attribute 25, 1
   8              		.eabi_attribute 26, 1
   9              		.eabi_attribute 30, 2
  10              		.eabi_attribute 18, 4
  11              		.file	"AscII6x8.c"
  21              	.Ltext0:
  22              		.file 1 "../common/AscII6x8.c"
 1049              		.align	2
 1052              	g_auc_Ascii6x8:
 1053 0000 00       		.byte	0
 1054 0001 00       		.byte	0
 1055 0002 00       		.byte	0
 1056 0003 00       		.byte	0
 1057 0004 00       		.byte	0
 1058 0005 00       		.byte	0
 1059 0006 00       		.byte	0
 1060 0007 00       		.byte	0
 1061 0008 00       		.byte	0
 1062 0009 00       		.byte	0
 1063 000a 00       		.byte	0
 1064 000b 00       		.byte	0
 1065 000c 00       		.byte	0
 1066 000d 00       		.byte	0
 1067 000e 00       		.byte	0
 1068 000f 00       		.byte	0
 1069 0010 00       		.byte	0
 1070 0011 00       		.byte	0
 1071 0012 00       		.byte	0
 1072 0013 00       		.byte	0
 1073 0014 00       		.byte	0
 1074 0015 00       		.byte	0
 1075 0016 00       		.byte	0
 1076 0017 00       		.byte	0
 1077 0018 00       		.byte	0
 1078 0019 00       		.byte	0
 1079 001a 00       		.byte	0
 1080 001b 00       		.byte	0
 1081 001c 00       		.byte	0
 1082 001d 00       		.byte	0
 1083 001e 00       		.byte	0
 1084 001f 00       		.byte	0
 1085 0020 00       		.byte	0
 1086 0021 00       		.byte	0
 1087 0022 00       		.byte	0
 1088 0023 00       		.byte	0
 1089 0024 00       		.byte	0
 1090 0025 00       		.byte	0
 1091 0026 00       		.byte	0
 1092 0027 00       		.byte	0
 1093 0028 00       		.byte	0
 1094 0029 00       		.byte	0
 1095 002a 00       		.byte	0
 1096 002b 00       		.byte	0
 1097 002c 00       		.byte	0
 1098 002d 00       		.byte	0
 1099 002e 00       		.byte	0
 1100 002f 00       		.byte	0
 1101 0030 00       		.byte	0
 1102 0031 00       		.byte	0
 1103 0032 00       		.byte	0
 1104 0033 00       		.byte	0
 1105 0034 00       		.byte	0
 1106 0035 00       		.byte	0
 1107 0036 00       		.byte	0
 1108 0037 00       		.byte	0
 1109 0038 00       		.byte	0
 1110 0039 00       		.byte	0
 1111 003a 00       		.byte	0
 1112 003b 00       		.byte	0
 1113 003c 00       		.byte	0
 1114 003d 00       		.byte	0
 1115 003e 00       		.byte	0
 1116 003f 00       		.byte	0
 1117 0040 00       		.byte	0
 1118 0041 00       		.byte	0
 1119 0042 00       		.byte	0
 1120 0043 00       		.byte	0
 1121 0044 00       		.byte	0
 1122 0045 00       		.byte	0
 1123 0046 00       		.byte	0
 1124 0047 00       		.byte	0
 1125 0048 00       		.byte	0
 1126 0049 00       		.byte	0
 1127 004a 00       		.byte	0
 1128 004b 00       		.byte	0
 1129 004c 00       		.byte	0
 1130 004d 00       		.byte	0
 1131 004e 00       		.byte	0
 1132 004f 00       		.byte	0
 1133 0050 00       		.byte	0
 1134 0051 00       		.byte	0
 1135 0052 00       		.byte	0
 1136 0053 00       		.byte	0
 1137 0054 00       		.byte	0
 1138 0055 00       		.byte	0
 1139 0056 00       		.byte	0
 1140 0057 00       		.byte	0
 1141 0058 00       		.byte	0
 1142 0059 00       		.byte	0
 1143 005a 00       		.byte	0
 1144 005b 00       		.byte	0
 1145 005c 00       		.byte	0
 1146 005d 00       		.byte	0
 1147 005e 00       		.byte	0
 1148 005f 00       		.byte	0
 1149 0060 00       		.byte	0
 1150 0061 00       		.byte	0
 1151 0062 00       		.byte	0
 1152 0063 00       		.byte	0
 1153 0064 00       		.byte	0
 1154 0065 00       		.byte	0
 1155 0066 00       		.byte	0
 1156 0067 00       		.byte	0
 1157 0068 00       		.byte	0
 1158 0069 00       		.byte	0
 1159 006a 00       		.byte	0
 1160 006b 00       		.byte	0
 1161 006c 00       		.byte	0
 1162 006d 00       		.byte	0
 1163 006e 00       		.byte	0
 1164 006f 00       		.byte	0
 1165 0070 00       		.byte	0
 1166 0071 00       		.byte	0
 1167 0072 00       		.byte	0
 1168 0073 00       		.byte	0
 1169 0074 00       		.byte	0
 1170 0075 00       		.byte	0
 1171 0076 00       		.byte	0
 1172 0077 00       		.byte	0
 1173 0078 00       		.byte	0
 1174 0079 00       		.byte	0
 1175 007a 00       		.byte	0
 1176 007b 00       		.byte	0
 1177 007c 00       		.byte	0
 1178 007d 00       		.byte	0
 1179 007e 00       		.byte	0
 1180 007f 00       		.byte	0
 1181 0080 00       		.byte	0
 1182 0081 00       		.byte	0
 1183 0082 00       		.byte	0
 1184 0083 00       		.byte	0
 1185 0084 00       		.byte	0
 1186 0085 00       		.byte	0
 1187 0086 00       		.byte	0
 1188 0087 00       		.byte	0
 1189 0088 00       		.byte	0
 1190 0089 00       		.byte	0
 1191 008a 00       		.byte	0
 1192 008b 00       		.byte	0
 1193 008c 00       		.byte	0
 1194 008d 00       		.byte	0
 1195 008e 00       		.byte	0
 1196 008f 00       		.byte	0
 1197 0090 00       		.byte	0
 1198 0091 00       		.byte	0
 1199 0092 00       		.byte	0
 1200 0093 00       		.byte	0
 1201 0094 00       		.byte	0
 1202 0095 00       		.byte	0
 1203 0096 00       		.byte	0
 1204 0097 00       		.byte	0
 1205 0098 00       		.byte	0
 1206 0099 00       		.byte	0
 1207 009a 00       		.byte	0
 1208 009b 00       		.byte	0
 1209 009c 00       		.byte	0
 1210 009d 00       		.byte	0
 1211 009e 00       		.byte	0
 1212 009f 00       		.byte	0
 1213 00a0 00       		.byte	0
 1214 00a1 00       		.byte	0
 1215 00a2 00       		.byte	0
 1216 00a3 00       		.byte	0
 1217 00a4 00       		.byte	0
 1218 00a5 00       		.byte	0
 1219 00a6 00       		.byte	0
 1220 00a7 00       		.byte	0
 1221 00a8 00       		.byte	0
 1222 00a9 00       		.byte	0
 1223 00aa 00       		.byte	0
 1224 00ab 00       		.byte	0
 1225 00ac 00       		.byte	0
 1226 00ad 00       		.byte	0
 1227 00ae 00       		.byte	0
 1228 00af 00       		.byte	0
 1229 00b0 00       		.byte	0
 1230 00b1 00       		.byte	0
 1231 00b2 00       		.byte	0
 1232 00b3 00       		.byte	0
 1233 00b4 00       		.byte	0
 1234 00b5 00       		.byte	0
 1235 00b6 00       		.byte	0
 1236 00b7 00       		.byte	0
 1237 00b8 00       		.byte	0
 1238 00b9 00       		.byte	0
 1239 00ba 00       		.byte	0
 1240 00bb 00       		.byte	0
 1241 00bc 00       		.byte	0
 1242 00bd 00       		.byte	0
 1243 00be 00       		.byte	0
 1244 00bf 00       		.byte	0
 1245 00c0 00       		.byte	0
 1246 00c1 00       		.byte	0
 1247 00c2 00       		.byte	0
 1248 00c3 00       		.byte	0
 1249 00c4 00       		.byte	0
 1250 00c5 00       		.byte	0
 1251 00c6 00       		.byte	0
 1252 00c7 00       		.byte	0
 1253 00c8 00       		.byte	0
 1254 00c9 00       		.byte	0
 1255 00ca 00       		.byte	0
 1256 00cb 00       		.byte	0
 1257 00cc 00       		.byte	0
 1258 00cd 00       		.byte	0
 1259 00ce 00       		.byte	0
 1260 00cf 00       		.byte	0
 1261 00d0 00       		.byte	0
 1262 00d1 00       		.byte	0
 1263 00d2 00       		.byte	0
 1264 00d3 00       		.byte	0
 1265 00d4 00       		.byte	0
 1266 00d5 00       		.byte	0
 1267 00d6 00       		.byte	0
 1268 00d7 00       		.byte	0
 1269 00d8 00       		.byte	0
 1270 00d9 00       		.byte	0
 1271 00da 00       		.byte	0
 1272 00db 00       		.byte	0
 1273 00dc 00       		.byte	0
 1274 00dd 00       		.byte	0
 1275 00de 00       		.byte	0
 1276 00df 00       		.byte	0
 1277 00e0 00       		.byte	0
 1278 00e1 00       		.byte	0
 1279 00e2 00       		.byte	0
 1280 00e3 00       		.byte	0
 1281 00e4 00       		.byte	0
 1282 00e5 00       		.byte	0
 1283 00e6 00       		.byte	0
 1284 00e7 00       		.byte	0
 1285 00e8 00       		.byte	0
 1286 00e9 00       		.byte	0
 1287 00ea 00       		.byte	0
 1288 00eb 00       		.byte	0
 1289 00ec 00       		.byte	0
 1290 00ed 00       		.byte	0
 1291 00ee 00       		.byte	0
 1292 00ef 00       		.byte	0
 1293 00f0 00       		.byte	0
 1294 00f1 00       		.byte	0
 1295 00f2 00       		.byte	0
 1296 00f3 00       		.byte	0
 1297 00f4 00       		.byte	0
 1298 00f5 00       		.byte	0
 1299 00f6 00       		.byte	0
 1300 00f7 00       		.byte	0
 1301 00f8 00       		.byte	0
 1302 00f9 00       		.byte	0
 1303 00fa 00       		.byte	0
 1304 00fb 00       		.byte	0
 1305 00fc 00       		.byte	0
 1306 00fd 00       		.byte	0
 1307 00fe 00       		.byte	0
 1308 00ff 00       		.byte	0
 1309 0100 00       		.byte	0
 1310 0101 00       		.byte	0
 1311 0102 00       		.byte	0
 1312 0103 00       		.byte	0
 1313 0104 00       		.byte	0
 1314 0105 00       		.byte	0
 1315 0106 00       		.byte	0
 1316 0107 00       		.byte	0
 1317 0108 00       		.byte	0
 1318 0109 1C       		.byte	28
 1319 010a 22       		.byte	34
 1320 010b 24       		.byte	36
 1321 010c 18       		.byte	24
 1322 010d 16       		.byte	22
 1323 010e 00       		.byte	0
 1324 010f 00       		.byte	0
 1325 0110 00       		.byte	0
 1326 0111 00       		.byte	0
 1327 0112 07       		.byte	7
 1328 0113 00       		.byte	0
 1329 0114 07       		.byte	7
 1330 0115 00       		.byte	0
 1331 0116 00       		.byte	0
 1332 0117 00       		.byte	0
 1333 0118 00       		.byte	0
 1334 0119 14       		.byte	20
 1335 011a 3E       		.byte	62
 1336 011b 14       		.byte	20
 1337 011c 3E       		.byte	62
 1338 011d 14       		.byte	20
 1339 011e 00       		.byte	0
 1340 011f 00       		.byte	0
 1341 0120 00       		.byte	0
 1342 0121 7E       		.byte	126
 1343 0122 15       		.byte	21
 1344 0123 15       		.byte	21
 1345 0124 15       		.byte	21
 1346 0125 0A       		.byte	10
 1347 0126 00       		.byte	0
 1348 0127 00       		.byte	0
 1349 0128 00       		.byte	0
 1350 0129 23       		.byte	35
 1351 012a 13       		.byte	19
 1352 012b 08       		.byte	8
 1353 012c 64       		.byte	100
 1354 012d 62       		.byte	98
 1355 012e 00       		.byte	0
 1356 012f 00       		.byte	0
 1357 0130 00       		.byte	0
 1358 0131 36       		.byte	54
 1359 0132 49       		.byte	73
 1360 0133 55       		.byte	85
 1361 0134 22       		.byte	34
 1362 0135 50       		.byte	80
 1363 0136 00       		.byte	0
 1364 0137 00       		.byte	0
 1365 0138 00       		.byte	0
 1366 0139 00       		.byte	0
 1367 013a 05       		.byte	5
 1368 013b 03       		.byte	3
 1369 013c 00       		.byte	0
 1370 013d 00       		.byte	0
 1371 013e 00       		.byte	0
 1372 013f 00       		.byte	0
 1373 0140 00       		.byte	0
 1374 0141 00       		.byte	0
 1375 0142 1C       		.byte	28
 1376 0143 22       		.byte	34
 1377 0144 41       		.byte	65
 1378 0145 00       		.byte	0
 1379 0146 00       		.byte	0
 1380 0147 00       		.byte	0
 1381 0148 00       		.byte	0
 1382 0149 00       		.byte	0
 1383 014a 41       		.byte	65
 1384 014b 22       		.byte	34
 1385 014c 1C       		.byte	28
 1386 014d 00       		.byte	0
 1387 014e 00       		.byte	0
 1388 014f 00       		.byte	0
 1389 0150 00       		.byte	0
 1390 0151 14       		.byte	20
 1391 0152 08       		.byte	8
 1392 0153 3E       		.byte	62
 1393 0154 08       		.byte	8
 1394 0155 14       		.byte	20
 1395 0156 00       		.byte	0
 1396 0157 00       		.byte	0
 1397 0158 00       		.byte	0
 1398 0159 08       		.byte	8
 1399 015a 08       		.byte	8
 1400 015b 3E       		.byte	62
 1401 015c 08       		.byte	8
 1402 015d 08       		.byte	8
 1403 015e 00       		.byte	0
 1404 015f 00       		.byte	0
 1405 0160 00       		.byte	0
 1406 0161 00       		.byte	0
 1407 0162 50       		.byte	80
 1408 0163 30       		.byte	48
 1409 0164 00       		.byte	0
 1410 0165 00       		.byte	0
 1411 0166 00       		.byte	0
 1412 0167 00       		.byte	0
 1413 0168 00       		.byte	0
 1414 0169 08       		.byte	8
 1415 016a 08       		.byte	8
 1416 016b 08       		.byte	8
 1417 016c 08       		.byte	8
 1418 016d 08       		.byte	8
 1419 016e 00       		.byte	0
 1420 016f 00       		.byte	0
 1421 0170 00       		.byte	0
 1422 0171 00       		.byte	0
 1423 0172 60       		.byte	96
 1424 0173 60       		.byte	96
 1425 0174 00       		.byte	0
 1426 0175 00       		.byte	0
 1427 0176 00       		.byte	0
 1428 0177 00       		.byte	0
 1429 0178 00       		.byte	0
 1430 0179 20       		.byte	32
 1431 017a 10       		.byte	16
 1432 017b 08       		.byte	8
 1433 017c 04       		.byte	4
 1434 017d 02       		.byte	2
 1435 017e 00       		.byte	0
 1436 017f 00       		.byte	0
 1437 0180 00       		.byte	0
 1438 0181 3E       		.byte	62
 1439 0182 51       		.byte	81
 1440 0183 49       		.byte	73
 1441 0184 45       		.byte	69
 1442 0185 3E       		.byte	62
 1443 0186 00       		.byte	0
 1444 0187 00       		.byte	0
 1445 0188 00       		.byte	0
 1446 0189 00       		.byte	0
 1447 018a 42       		.byte	66
 1448 018b 7F       		.byte	127
 1449 018c 40       		.byte	64
 1450 018d 00       		.byte	0
 1451 018e 00       		.byte	0
 1452 018f 00       		.byte	0
 1453 0190 00       		.byte	0
 1454 0191 42       		.byte	66
 1455 0192 61       		.byte	97
 1456 0193 51       		.byte	81
 1457 0194 49       		.byte	73
 1458 0195 46       		.byte	70
 1459 0196 00       		.byte	0
 1460 0197 00       		.byte	0
 1461 0198 00       		.byte	0
 1462 0199 21       		.byte	33
 1463 019a 41       		.byte	65
 1464 019b 45       		.byte	69
 1465 019c 4B       		.byte	75
 1466 019d 31       		.byte	49
 1467 019e 00       		.byte	0
 1468 019f 00       		.byte	0
 1469 01a0 00       		.byte	0
 1470 01a1 18       		.byte	24
 1471 01a2 14       		.byte	20
 1472 01a3 12       		.byte	18
 1473 01a4 7F       		.byte	127
 1474 01a5 10       		.byte	16
 1475 01a6 00       		.byte	0
 1476 01a7 00       		.byte	0
 1477 01a8 00       		.byte	0
 1478 01a9 27       		.byte	39
 1479 01aa 45       		.byte	69
 1480 01ab 45       		.byte	69
 1481 01ac 45       		.byte	69
 1482 01ad 39       		.byte	57
 1483 01ae 00       		.byte	0
 1484 01af 00       		.byte	0
 1485 01b0 00       		.byte	0
 1486 01b1 3C       		.byte	60
 1487 01b2 4A       		.byte	74
 1488 01b3 49       		.byte	73
 1489 01b4 49       		.byte	73
 1490 01b5 30       		.byte	48
 1491 01b6 00       		.byte	0
 1492 01b7 00       		.byte	0
 1493 01b8 00       		.byte	0
 1494 01b9 01       		.byte	1
 1495 01ba 01       		.byte	1
 1496 01bb 79       		.byte	121
 1497 01bc 05       		.byte	5
 1498 01bd 03       		.byte	3
 1499 01be 00       		.byte	0
 1500 01bf 00       		.byte	0
 1501 01c0 00       		.byte	0
 1502 01c1 36       		.byte	54
 1503 01c2 49       		.byte	73
 1504 01c3 49       		.byte	73
 1505 01c4 49       		.byte	73
 1506 01c5 36       		.byte	54
 1507 01c6 00       		.byte	0
 1508 01c7 00       		.byte	0
 1509 01c8 00       		.byte	0
 1510 01c9 06       		.byte	6
 1511 01ca 49       		.byte	73
 1512 01cb 49       		.byte	73
 1513 01cc 29       		.byte	41
 1514 01cd 1E       		.byte	30
 1515 01ce 00       		.byte	0
 1516 01cf 00       		.byte	0
 1517 01d0 00       		.byte	0
 1518 01d1 00       		.byte	0
 1519 01d2 36       		.byte	54
 1520 01d3 36       		.byte	54
 1521 01d4 00       		.byte	0
 1522 01d5 00       		.byte	0
 1523 01d6 00       		.byte	0
 1524 01d7 00       		.byte	0
 1525 01d8 00       		.byte	0
 1526 01d9 00       		.byte	0
 1527 01da 56       		.byte	86
 1528 01db 36       		.byte	54
 1529 01dc 00       		.byte	0
 1530 01dd 00       		.byte	0
 1531 01de 00       		.byte	0
 1532 01df 00       		.byte	0
 1533 01e0 00       		.byte	0
 1534 01e1 08       		.byte	8
 1535 01e2 14       		.byte	20
 1536 01e3 22       		.byte	34
 1537 01e4 41       		.byte	65
 1538 01e5 00       		.byte	0
 1539 01e6 00       		.byte	0
 1540 01e7 00       		.byte	0
 1541 01e8 00       		.byte	0
 1542 01e9 14       		.byte	20
 1543 01ea 14       		.byte	20
 1544 01eb 14       		.byte	20
 1545 01ec 14       		.byte	20
 1546 01ed 14       		.byte	20
 1547 01ee 00       		.byte	0
 1548 01ef 00       		.byte	0
 1549 01f0 00       		.byte	0
 1550 01f1 00       		.byte	0
 1551 01f2 41       		.byte	65
 1552 01f3 22       		.byte	34
 1553 01f4 14       		.byte	20
 1554 01f5 08       		.byte	8
 1555 01f6 00       		.byte	0
 1556 01f7 00       		.byte	0
 1557 01f8 00       		.byte	0
 1558 01f9 02       		.byte	2
 1559 01fa 01       		.byte	1
 1560 01fb 51       		.byte	81
 1561 01fc 09       		.byte	9
 1562 01fd 06       		.byte	6
 1563 01fe 00       		.byte	0
 1564 01ff 00       		.byte	0
 1565 0200 00       		.byte	0
 1566 0201 32       		.byte	50
 1567 0202 49       		.byte	73
 1568 0203 79       		.byte	121
 1569 0204 41       		.byte	65
 1570 0205 3E       		.byte	62
 1571 0206 00       		.byte	0
 1572 0207 00       		.byte	0
 1573 0208 00       		.byte	0
 1574 0209 7E       		.byte	126
 1575 020a 11       		.byte	17
 1576 020b 11       		.byte	17
 1577 020c 11       		.byte	17
 1578 020d 7E       		.byte	126
 1579 020e 00       		.byte	0
 1580 020f 00       		.byte	0
 1581 0210 00       		.byte	0
 1582 0211 41       		.byte	65
 1583 0212 7F       		.byte	127
 1584 0213 49       		.byte	73
 1585 0214 49       		.byte	73
 1586 0215 36       		.byte	54
 1587 0216 00       		.byte	0
 1588 0217 00       		.byte	0
 1589 0218 00       		.byte	0
 1590 0219 3E       		.byte	62
 1591 021a 41       		.byte	65
 1592 021b 41       		.byte	65
 1593 021c 41       		.byte	65
 1594 021d 22       		.byte	34
 1595 021e 00       		.byte	0
 1596 021f 00       		.byte	0
 1597 0220 00       		.byte	0
 1598 0221 41       		.byte	65
 1599 0222 7F       		.byte	127
 1600 0223 41       		.byte	65
 1601 0224 41       		.byte	65
 1602 0225 3E       		.byte	62
 1603 0226 00       		.byte	0
 1604 0227 00       		.byte	0
 1605 0228 00       		.byte	0
 1606 0229 7F       		.byte	127
 1607 022a 49       		.byte	73
 1608 022b 49       		.byte	73
 1609 022c 49       		.byte	73
 1610 022d 49       		.byte	73
 1611 022e 00       		.byte	0
 1612 022f 00       		.byte	0
 1613 0230 00       		.byte	0
 1614 0231 7F       		.byte	127
 1615 0232 09       		.byte	9
 1616 0233 09       		.byte	9
 1617 0234 09       		.byte	9
 1618 0235 01       		.byte	1
 1619 0236 00       		.byte	0
 1620 0237 00       		.byte	0
 1621 0238 00       		.byte	0
 1622 0239 3E       		.byte	62
 1623 023a 41       		.byte	65
 1624 023b 41       		.byte	65
 1625 023c 49       		.byte	73
 1626 023d 7A       		.byte	122
 1627 023e 00       		.byte	0
 1628 023f 00       		.byte	0
 1629 0240 00       		.byte	0
 1630 0241 7F       		.byte	127
 1631 0242 08       		.byte	8
 1632 0243 08       		.byte	8
 1633 0244 08       		.byte	8
 1634 0245 7F       		.byte	127
 1635 0246 00       		.byte	0
 1636 0247 00       		.byte	0
 1637 0248 00       		.byte	0
 1638 0249 00       		.byte	0
 1639 024a 41       		.byte	65
 1640 024b 7F       		.byte	127
 1641 024c 41       		.byte	65
 1642 024d 00       		.byte	0
 1643 024e 00       		.byte	0
 1644 024f 00       		.byte	0
 1645 0250 00       		.byte	0
 1646 0251 20       		.byte	32
 1647 0252 40       		.byte	64
 1648 0253 41       		.byte	65
 1649 0254 3F       		.byte	63
 1650 0255 01       		.byte	1
 1651 0256 00       		.byte	0
 1652 0257 00       		.byte	0
 1653 0258 00       		.byte	0
 1654 0259 7F       		.byte	127
 1655 025a 08       		.byte	8
 1656 025b 14       		.byte	20
 1657 025c 22       		.byte	34
 1658 025d 41       		.byte	65
 1659 025e 00       		.byte	0
 1660 025f 00       		.byte	0
 1661 0260 00       		.byte	0
 1662 0261 7F       		.byte	127
 1663 0262 40       		.byte	64
 1664 0263 40       		.byte	64
 1665 0264 40       		.byte	64
 1666 0265 40       		.byte	64
 1667 0266 00       		.byte	0
 1668 0267 00       		.byte	0
 1669 0268 00       		.byte	0
 1670 0269 7F       		.byte	127
 1671 026a 02       		.byte	2
 1672 026b 0C       		.byte	12
 1673 026c 02       		.byte	2
 1674 026d 7F       		.byte	127
 1675 026e 00       		.byte	0
 1676 026f 00       		.byte	0
 1677 0270 00       		.byte	0
 1678 0271 7F       		.byte	127
 1679 0272 06       		.byte	6
 1680 0273 08       		.byte	8
 1681 0274 30       		.byte	48
 1682 0275 7F       		.byte	127
 1683 0276 00       		.byte	0
 1684 0277 00       		.byte	0
 1685 0278 00       		.byte	0
 1686 0279 3E       		.byte	62
 1687 027a 41       		.byte	65
 1688 027b 41       		.byte	65
 1689 027c 41       		.byte	65
 1690 027d 3E       		.byte	62
 1691 027e 00       		.byte	0
 1692 027f 00       		.byte	0
 1693 0280 00       		.byte	0
 1694 0281 7F       		.byte	127
 1695 0282 09       		.byte	9
 1696 0283 09       		.byte	9
 1697 0284 09       		.byte	9
 1698 0285 06       		.byte	6
 1699 0286 00       		.byte	0
 1700 0287 00       		.byte	0
 1701 0288 00       		.byte	0
 1702 0289 3E       		.byte	62
 1703 028a 41       		.byte	65
 1704 028b 51       		.byte	81
 1705 028c 21       		.byte	33
 1706 028d 5E       		.byte	94
 1707 028e 00       		.byte	0
 1708 028f 00       		.byte	0
 1709 0290 00       		.byte	0
 1710 0291 7F       		.byte	127
 1711 0292 09       		.byte	9
 1712 0293 19       		.byte	25
 1713 0294 29       		.byte	41
 1714 0295 46       		.byte	70
 1715 0296 00       		.byte	0
 1716 0297 00       		.byte	0
 1717 0298 00       		.byte	0
 1718 0299 26       		.byte	38
 1719 029a 49       		.byte	73
 1720 029b 49       		.byte	73
 1721 029c 49       		.byte	73
 1722 029d 32       		.byte	50
 1723 029e 00       		.byte	0
 1724 029f 00       		.byte	0
 1725 02a0 00       		.byte	0
 1726 02a1 01       		.byte	1
 1727 02a2 01       		.byte	1
 1728 02a3 7F       		.byte	127
 1729 02a4 01       		.byte	1
 1730 02a5 01       		.byte	1
 1731 02a6 00       		.byte	0
 1732 02a7 00       		.byte	0
 1733 02a8 00       		.byte	0
 1734 02a9 3F       		.byte	63
 1735 02aa 40       		.byte	64
 1736 02ab 40       		.byte	64
 1737 02ac 40       		.byte	64
 1738 02ad 3F       		.byte	63
 1739 02ae 00       		.byte	0
 1740 02af 00       		.byte	0
 1741 02b0 00       		.byte	0
 1742 02b1 1F       		.byte	31
 1743 02b2 20       		.byte	32
 1744 02b3 40       		.byte	64
 1745 02b4 20       		.byte	32
 1746 02b5 1F       		.byte	31
 1747 02b6 00       		.byte	0
 1748 02b7 00       		.byte	0
 1749 02b8 00       		.byte	0
 1750 02b9 7F       		.byte	127
 1751 02ba 20       		.byte	32
 1752 02bb 18       		.byte	24
 1753 02bc 20       		.byte	32
 1754 02bd 7F       		.byte	127
 1755 02be 00       		.byte	0
 1756 02bf 00       		.byte	0
 1757 02c0 00       		.byte	0
 1758 02c1 63       		.byte	99
 1759 02c2 14       		.byte	20
 1760 02c3 08       		.byte	8
 1761 02c4 14       		.byte	20
 1762 02c5 63       		.byte	99
 1763 02c6 00       		.byte	0
 1764 02c7 00       		.byte	0
 1765 02c8 00       		.byte	0
 1766 02c9 07       		.byte	7
 1767 02ca 08       		.byte	8
 1768 02cb 70       		.byte	112
 1769 02cc 08       		.byte	8
 1770 02cd 07       		.byte	7
 1771 02ce 00       		.byte	0
 1772 02cf 00       		.byte	0
 1773 02d0 00       		.byte	0
 1774 02d1 61       		.byte	97
 1775 02d2 51       		.byte	81
 1776 02d3 49       		.byte	73
 1777 02d4 45       		.byte	69
 1778 02d5 43       		.byte	67
 1779 02d6 00       		.byte	0
 1780 02d7 00       		.byte	0
 1781 02d8 00       		.byte	0
 1782 02d9 00       		.byte	0
 1783 02da 7F       		.byte	127
 1784 02db 41       		.byte	65
 1785 02dc 41       		.byte	65
 1786 02dd 00       		.byte	0
 1787 02de 00       		.byte	0
 1788 02df 00       		.byte	0
 1789 02e0 00       		.byte	0
 1790 02e1 02       		.byte	2
 1791 02e2 04       		.byte	4
 1792 02e3 08       		.byte	8
 1793 02e4 10       		.byte	16
 1794 02e5 20       		.byte	32
 1795 02e6 00       		.byte	0
 1796 02e7 00       		.byte	0
 1797 02e8 00       		.byte	0
 1798 02e9 00       		.byte	0
 1799 02ea 41       		.byte	65
 1800 02eb 41       		.byte	65
 1801 02ec 7F       		.byte	127
 1802 02ed 00       		.byte	0
 1803 02ee 00       		.byte	0
 1804 02ef 00       		.byte	0
 1805 02f0 00       		.byte	0
 1806 02f1 04       		.byte	4
 1807 02f2 02       		.byte	2
 1808 02f3 01       		.byte	1
 1809 02f4 02       		.byte	2
 1810 02f5 04       		.byte	4
 1811 02f6 00       		.byte	0
 1812 02f7 00       		.byte	0
 1813 02f8 00       		.byte	0
 1814 02f9 40       		.byte	64
 1815 02fa 40       		.byte	64
 1816 02fb 40       		.byte	64
 1817 02fc 40       		.byte	64
 1818 02fd 40       		.byte	64
 1819 02fe 00       		.byte	0
 1820 02ff 00       		.byte	0
 1821 0300 00       		.byte	0
 1822 0301 00       		.byte	0
 1823 0302 00       		.byte	0
 1824 0303 07       		.byte	7
 1825 0304 05       		.byte	5
 1826 0305 07       		.byte	7
 1827 0306 00       		.byte	0
 1828 0307 00       		.byte	0
 1829 0308 00       		.byte	0
 1830 0309 20       		.byte	32
 1831 030a 54       		.byte	84
 1832 030b 54       		.byte	84
 1833 030c 54       		.byte	84
 1834 030d 78       		.byte	120
 1835 030e 00       		.byte	0
 1836 030f 00       		.byte	0
 1837 0310 00       		.byte	0
 1838 0311 7F       		.byte	127
 1839 0312 48       		.byte	72
 1840 0313 44       		.byte	68
 1841 0314 44       		.byte	68
 1842 0315 38       		.byte	56
 1843 0316 00       		.byte	0
 1844 0317 00       		.byte	0
 1845 0318 00       		.byte	0
 1846 0319 38       		.byte	56
 1847 031a 44       		.byte	68
 1848 031b 44       		.byte	68
 1849 031c 44       		.byte	68
 1850 031d 28       		.byte	40
 1851 031e 00       		.byte	0
 1852 031f 00       		.byte	0
 1853 0320 00       		.byte	0
 1854 0321 38       		.byte	56
 1855 0322 44       		.byte	68
 1856 0323 44       		.byte	68
 1857 0324 48       		.byte	72
 1858 0325 7F       		.byte	127
 1859 0326 00       		.byte	0
 1860 0327 00       		.byte	0
 1861 0328 00       		.byte	0
 1862 0329 38       		.byte	56
 1863 032a 54       		.byte	84
 1864 032b 54       		.byte	84
 1865 032c 54       		.byte	84
 1866 032d 18       		.byte	24
 1867 032e 00       		.byte	0
 1868 032f 00       		.byte	0
 1869 0330 00       		.byte	0
 1870 0331 00       		.byte	0
 1871 0332 08       		.byte	8
 1872 0333 7E       		.byte	126
 1873 0334 09       		.byte	9
 1874 0335 02       		.byte	2
 1875 0336 00       		.byte	0
 1876 0337 00       		.byte	0
 1877 0338 00       		.byte	0
 1878 0339 0C       		.byte	12
 1879 033a 52       		.byte	82
 1880 033b 52       		.byte	82
 1881 033c 4C       		.byte	76
 1882 033d 3E       		.byte	62
 1883 033e 00       		.byte	0
 1884 033f 00       		.byte	0
 1885 0340 00       		.byte	0
 1886 0341 7F       		.byte	127
 1887 0342 08       		.byte	8
 1888 0343 04       		.byte	4
 1889 0344 04       		.byte	4
 1890 0345 78       		.byte	120
 1891 0346 00       		.byte	0
 1892 0347 00       		.byte	0
 1893 0348 00       		.byte	0
 1894 0349 00       		.byte	0
 1895 034a 44       		.byte	68
 1896 034b 7D       		.byte	125
 1897 034c 40       		.byte	64
 1898 034d 00       		.byte	0
 1899 034e 00       		.byte	0
 1900 034f 00       		.byte	0
 1901 0350 00       		.byte	0
 1902 0351 20       		.byte	32
 1903 0352 40       		.byte	64
 1904 0353 44       		.byte	68
 1905 0354 3D       		.byte	61
 1906 0355 00       		.byte	0
 1907 0356 00       		.byte	0
 1908 0357 00       		.byte	0
 1909 0358 00       		.byte	0
 1910 0359 00       		.byte	0
 1911 035a 7F       		.byte	127
 1912 035b 10       		.byte	16
 1913 035c 28       		.byte	40
 1914 035d 44       		.byte	68
 1915 035e 00       		.byte	0
 1916 035f 00       		.byte	0
 1917 0360 00       		.byte	0
 1918 0361 00       		.byte	0
 1919 0362 41       		.byte	65
 1920 0363 7F       		.byte	127
 1921 0364 40       		.byte	64
 1922 0365 00       		.byte	0
 1923 0366 00       		.byte	0
 1924 0367 00       		.byte	0
 1925 0368 00       		.byte	0
 1926 0369 7C       		.byte	124
 1927 036a 04       		.byte	4
 1928 036b 78       		.byte	120
 1929 036c 04       		.byte	4
 1930 036d 78       		.byte	120
 1931 036e 00       		.byte	0
 1932 036f 00       		.byte	0
 1933 0370 00       		.byte	0
 1934 0371 7C       		.byte	124
 1935 0372 08       		.byte	8
 1936 0373 04       		.byte	4
 1937 0374 04       		.byte	4
 1938 0375 78       		.byte	120
 1939 0376 00       		.byte	0
 1940 0377 00       		.byte	0
 1941 0378 00       		.byte	0
 1942 0379 38       		.byte	56
 1943 037a 44       		.byte	68
 1944 037b 44       		.byte	68
 1945 037c 44       		.byte	68
 1946 037d 38       		.byte	56
 1947 037e 00       		.byte	0
 1948 037f 00       		.byte	0
 1949 0380 00       		.byte	0
 1950 0381 7E       		.byte	126
 1951 0382 0C       		.byte	12
 1952 0383 12       		.byte	18
 1953 0384 12       		.byte	18
 1954 0385 0C       		.byte	12
 1955 0386 00       		.byte	0
 1956 0387 00       		.byte	0
 1957 0388 00       		.byte	0
 1958 0389 0C       		.byte	12
 1959 038a 12       		.byte	18
 1960 038b 12       		.byte	18
 1961 038c 0C       		.byte	12
 1962 038d 7E       		.byte	126
 1963 038e 00       		.byte	0
 1964 038f 00       		.byte	0
 1965 0390 00       		.byte	0
 1966 0391 7C       		.byte	124
 1967 0392 08       		.byte	8
 1968 0393 04       		.byte	4
 1969 0394 04       		.byte	4
 1970 0395 08       		.byte	8
 1971 0396 00       		.byte	0
 1972 0397 00       		.byte	0
 1973 0398 00       		.byte	0
 1974 0399 58       		.byte	88
 1975 039a 54       		.byte	84
 1976 039b 54       		.byte	84
 1977 039c 54       		.byte	84
 1978 039d 64       		.byte	100
 1979 039e 00       		.byte	0
 1980 039f 00       		.byte	0
 1981 03a0 00       		.byte	0
 1982 03a1 04       		.byte	4
 1983 03a2 3F       		.byte	63
 1984 03a3 44       		.byte	68
 1985 03a4 40       		.byte	64
 1986 03a5 20       		.byte	32
 1987 03a6 00       		.byte	0
 1988 03a7 00       		.byte	0
 1989 03a8 00       		.byte	0
 1990 03a9 3C       		.byte	60
 1991 03aa 40       		.byte	64
 1992 03ab 40       		.byte	64
 1993 03ac 3C       		.byte	60
 1994 03ad 40       		.byte	64
 1995 03ae 00       		.byte	0
 1996 03af 00       		.byte	0
 1997 03b0 00       		.byte	0
 1998 03b1 1C       		.byte	28
 1999 03b2 20       		.byte	32
 2000 03b3 40       		.byte	64
 2001 03b4 20       		.byte	32
 2002 03b5 1C       		.byte	28
 2003 03b6 00       		.byte	0
 2004 03b7 00       		.byte	0
 2005 03b8 00       		.byte	0
 2006 03b9 3C       		.byte	60
 2007 03ba 40       		.byte	64
 2008 03bb 30       		.byte	48
 2009 03bc 40       		.byte	64
 2010 03bd 3C       		.byte	60
 2011 03be 00       		.byte	0
 2012 03bf 00       		.byte	0
 2013 03c0 00       		.byte	0
 2014 03c1 44       		.byte	68
 2015 03c2 28       		.byte	40
 2016 03c3 10       		.byte	16
 2017 03c4 28       		.byte	40
 2018 03c5 44       		.byte	68
 2019 03c6 00       		.byte	0
 2020 03c7 00       		.byte	0
 2021 03c8 00       		.byte	0
 2022 03c9 1C       		.byte	28
 2023 03ca A0       		.byte	-96
 2024 03cb A0       		.byte	-96
 2025 03cc 90       		.byte	-112
 2026 03cd 7C       		.byte	124
 2027 03ce 00       		.byte	0
 2028 03cf 00       		.byte	0
 2029 03d0 00       		.byte	0
 2030 03d1 44       		.byte	68
 2031 03d2 64       		.byte	100
 2032 03d3 54       		.byte	84
 2033 03d4 4C       		.byte	76
 2034 03d5 44       		.byte	68
 2035 03d6 00       		.byte	0
 2036 03d7 00       		.byte	0
 2037 03d8 00       		.byte	0
 2038 03d9 00       		.byte	0
 2039 03da 08       		.byte	8
 2040 03db 36       		.byte	54
 2041 03dc 41       		.byte	65
 2042 03dd 00       		.byte	0
 2043 03de 00       		.byte	0
 2044 03df 00       		.byte	0
 2045 03e0 00       		.byte	0
 2046 03e1 00       		.byte	0
 2047 03e2 00       		.byte	0
 2048 03e3 77       		.byte	119
 2049 03e4 00       		.byte	0
 2050 03e5 00       		.byte	0
 2051 03e6 00       		.byte	0
 2052 03e7 00       		.byte	0
 2053 03e8 00       		.byte	0
 2054 03e9 00       		.byte	0
 2055 03ea 41       		.byte	65
 2056 03eb 36       		.byte	54
 2057 03ec 08       		.byte	8
 2058 03ed 00       		.byte	0
 2059 03ee 00       		.byte	0
 2060 03ef 00       		.byte	0
 2061 03f0 00       		.byte	0
 2062 03f1 08       		.byte	8
 2063 03f2 04       		.byte	4
 2064 03f3 08       		.byte	8
 2065 03f4 10       		.byte	16
 2066 03f5 08       		.byte	8
 2067 03f6 00       		.byte	0
 2068 03f7 00       		.byte	0
 2069 03f8 00       		.byte	0
 2070 03f9 5C       		.byte	92
 2071 03fa 62       		.byte	98
 2072 03fb 02       		.byte	2
 2073 03fc 62       		.byte	98
 2074 03fd 5C       		.byte	92
 2075 03fe 00       		.byte	0
 2076 03ff 00       		.byte	0
 2077              		.text
 2078              	.Letext0:
DEFINED SYMBOLS
                            *ABS*:00000000 AscII6x8.c
C:\Users\sergi\AppData\Local\Temp\cccKocMg.s:1052   .rodata:00000000 g_auc_Ascii6x8
C:\Users\sergi\AppData\Local\Temp\cccKocMg.s:1049   .rodata:00000000 $d

NO UNDEFINED SYMBOLS
