   1              		.cpu arm7tdmi
   2              		.fpu softvfp
   3              		.eabi_attribute 20, 1
   4              		.eabi_attribute 21, 1
   5              		.eabi_attribute 23, 3
   6              		.eabi_attribute 24, 1
   7              		.eabi_attribute 25, 1
   8              		.eabi_attribute 26, 1
   9              		.eabi_attribute 30, 2
  10              		.eabi_attribute 18, 4
  11              		.file	"cola_depuracion.c"
  21              	.Ltext0:
  22              		.file 1 "../cola_depuracion.c"
 2215              		.align	2
 2216              		.global	cola_ini
 2218              	cola_ini:
 2219              	.LFB0:
   1:../cola_depuracion.c **** /*********************************************************************************************
   2:../cola_depuracion.c **** * Fichero:	cola_depuracion.c
   3:../cola_depuracion.c **** * Autor1:	Sergio García Esteban	755844
   4:../cola_depuracion.c **** * Autor2:	Irene Fumanal Lacoma	758325
   5:../cola_depuracion.c **** * Descrip:	Cola circular que guarda eventos, informacion e instante de tiempo.
   6:../cola_depuracion.c **** * Version:
   7:../cola_depuracion.c **** *********************************************************************************************/
   8:../cola_depuracion.c **** 
   9:../cola_depuracion.c **** /*--- ficheros de cabecera ---*/
  10:../cola_depuracion.c **** #include "cola_depuracion.h"
  11:../cola_depuracion.c **** #include "timer2.h"
  12:../cola_depuracion.c **** #include "44b.h"
  13:../cola_depuracion.c **** #include "44blib.h"
  14:../cola_depuracion.c **** #include "def.h"
  15:../cola_depuracion.c **** #include "option.h"
  16:../cola_depuracion.c **** 
  17:../cola_depuracion.c **** 
  18:../cola_depuracion.c **** /* Ini cola circular 	_ISR_STARTADDRESS-0xf00-256*9
  19:../cola_depuracion.c ****  * 256x8
  20:../cola_depuracion.c ****  * Fin cola 			_ISR_STARTADDRESS-0xf00-256
  21:../cola_depuracion.c ****  * 256
  22:../cola_depuracion.c ****  * UserStack 			_ISR_STARTADDRESS-0xf00
  23:../cola_depuracion.c ****  */
  24:../cola_depuracion.c **** 
  25:../cola_depuracion.c **** /*--- valores y constantes ---*/
  26:../cola_depuracion.c **** enum{	MAXEVENTOS = 256 };	//N maximo de elementos
  27:../cola_depuracion.c **** enum{	finPila = _ISR_STARTADDRESS-(0xf00)-(256) };
  28:../cola_depuracion.c **** enum{	direccion = finPila-(MAXEVENTOS*8) };
  29:../cola_depuracion.c **** 
  30:../cola_depuracion.c **** /* Registro creado para almacenar los 2 enteros que guardamos de cada evento*/
  31:../cola_depuracion.c **** typedef struct elemento_pila{
  32:../cola_depuracion.c **** 	uint32_t ID_evento_auxData;		//32 bits: 8 ID_evento + 24 auxData
  33:../cola_depuracion.c **** 	unsigned int momento_invocacion;//instante(timer2) de guardado del evento en pila
  34:../cola_depuracion.c **** } elemento_pila;
  35:../cola_depuracion.c **** 
  36:../cola_depuracion.c **** /*--- variables globales del modulo ---*/
  37:../cola_depuracion.c **** static elemento_pila *lista_eventos;
  38:../cola_depuracion.c **** static int head;			//indice primer evento lista
  39:../cola_depuracion.c **** static int tail;			//indice ultimo evento lista
  40:../cola_depuracion.c **** static int n;				//numero de elementos apilados
  41:../cola_depuracion.c **** // N SIMPLIFICA LA IMPLEMENTACION
  42:../cola_depuracion.c **** 
  43:../cola_depuracion.c **** 
  44:../cola_depuracion.c **** /*--- codigo de las funciones ---*/
  45:../cola_depuracion.c **** 
  46:../cola_depuracion.c **** /*********************************************************************************************
  47:../cola_depuracion.c **** * Inicializacion de la cola. La deja lista para ser usada.
  48:../cola_depuracion.c **** *********************************************************************************************/
  49:../cola_depuracion.c **** void cola_ini(){
 2220              		.loc 1 49 0
 2221              		.cfi_startproc
 2222              		@ Function supports interworking.
 2223              		@ args = 0, pretend = 0, frame = 0
 2224              		@ frame_needed = 0, uses_anonymous_args = 0
 2225              		@ link register save eliminated.
  50:../cola_depuracion.c **** 	lista_eventos=direccion;	//asignamos direccion inicial de la cola
 2226              		.loc 1 50 0
 2227 0000 14309FE5 		ldr	r3, .L2
 2228 0004 14109FE5 		ldr	r1, .L2+4
  51:../cola_depuracion.c **** 	head=0;
 2229              		.loc 1 51 0
 2230 0008 0020A0E3 		mov	r2, #0
  50:../cola_depuracion.c **** 	lista_eventos=direccion;	//asignamos direccion inicial de la cola
 2231              		.loc 1 50 0
 2232 000c 060083E8 		stmia	r3, {r1, r2}	@ phole stm
  52:../cola_depuracion.c **** 	tail=0;
 2233              		.loc 1 52 0
 2234 0010 082083E5 		str	r2, [r3, #8]
  53:../cola_depuracion.c **** 	n=0;
 2235              		.loc 1 53 0
 2236 0014 0C2083E5 		str	r2, [r3, #12]
  54:../cola_depuracion.c **** }
 2237              		.loc 1 54 0
 2238 0018 1EFF2FE1 		bx	lr
 2239              	.L3:
 2240              		.align	2
 2241              	.L2:
 2242 001c 00000000 		.word	.LANCHOR0
 2243 0020 00E77F0C 		.word	209708800
 2244              		.cfi_endproc
 2245              	.LFE0:
 2247              		.align	2
 2248              		.global	push_debug
 2250              	push_debug:
 2251              	.LFB1:
  55:../cola_depuracion.c **** 
  56:../cola_depuracion.c **** /*********************************************************************************************
  57:../cola_depuracion.c **** * Guarda un evento en la cola.
  58:../cola_depuracion.c **** *********************************************************************************************/
  59:../cola_depuracion.c **** void push_debug(ID_evento evento, uint32_t auxData){
 2252              		.loc 1 59 0
 2253              		.cfi_startproc
 2254              		@ Function supports interworking.
 2255              		@ args = 0, pretend = 0, frame = 0
 2256              		@ frame_needed = 1, uses_anonymous_args = 0
 2257              	.LVL0:
 2258 0024 0DC0A0E1 		mov	ip, sp
 2259              	.LCFI0:
 2260              		.cfi_def_cfa_register 12
 2261 0028 30D82DE9 		stmfd	sp!, {r4, r5, fp, ip, lr, pc}
 2262 002c 04B04CE2 		sub	fp, ip, #4
 2263              		.cfi_offset 14, -8
 2264              		.cfi_offset 13, -12
 2265              		.cfi_offset 11, -16
 2266              		.cfi_offset 5, -20
 2267              		.cfi_offset 4, -24
 2268              	.LCFI1:
 2269              		.cfi_def_cfa 11, 4
 2270              		.loc 1 59 0
 2271 0030 0150A0E1 		mov	r5, r1
 2272 0034 0040A0E1 		mov	r4, r0
  60:../cola_depuracion.c **** 	unsigned int time = timer2_leer();		 //instante(timer2)
 2273              		.loc 1 60 0
 2274 0038 FEFFFFEB 		bl	timer2_leer
 2275              	.LVL1:
  61:../cola_depuracion.c **** 
  62:../cola_depuracion.c **** 	uint32_t ID_data = auxData&(0x00ffffff); //escribimos los 24 ultimos bits
  63:../cola_depuracion.c **** 	ID_data |= (evento<<24);				 //escribimos los 8 primeros bits
  64:../cola_depuracion.c **** 
  65:../cola_depuracion.c **** 	elemento_pila nuevo;
  66:../cola_depuracion.c **** 	nuevo.ID_evento_auxData=ID_data;
  67:../cola_depuracion.c **** 	nuevo.momento_invocacion=time;
  68:../cola_depuracion.c **** 	lista_eventos[tail]=nuevo;				 //guardamos en cola
 2276              		.loc 1 68 0
 2277 003c 40309FE5 		ldr	r3, .L7
 2278 0040 082093E5 		ldr	r2, [r3, #8]
 2279 0044 00C093E5 		ldr	ip, [r3, #0]
  62:../cola_depuracion.c **** 	uint32_t ID_data = auxData&(0x00ffffff); //escribimos los 24 ultimos bits
 2280              		.loc 1 62 0
 2281 0048 FF14C5E3 		bic	r1, r5, #-16777216
 2282              	.LVL2:
 2283              		.loc 1 68 0
 2284 004c 82518CE0 		add	r5, ip, r2, asl #3
 2285              	.LVL3:
  69:../cola_depuracion.c **** 
  70:../cola_depuracion.c **** 	if(tail==MAXEVENTOS){//si hemos escrito en la ultima pos, la siguiente escribirá en la pos 0
 2286              		.loc 1 70 0
 2287 0050 010C52E3 		cmp	r2, #256
  63:../cola_depuracion.c **** 	ID_data |= (evento<<24);				 //escribimos los 8 primeros bits
 2288              		.loc 1 63 0
 2289 0054 044C81E1 		orr	r4, r1, r4, asl #24
 2290              	.LVL4:
  68:../cola_depuracion.c **** 	lista_eventos[tail]=nuevo;				 //guardamos en cola
 2291              		.loc 1 68 0
 2292 0058 040085E5 		str	r0, [r5, #4]
  71:../cola_depuracion.c **** 		tail=0;
  72:../cola_depuracion.c **** 	}else{
  73:../cola_depuracion.c **** 		tail++;
  74:../cola_depuracion.c **** 	}
  75:../cola_depuracion.c **** 	n++;
 2293              		.loc 1 75 0
 2294 005c 0C0093E5 		ldr	r0, [r3, #12]
 2295              	.LVL5:
  68:../cola_depuracion.c **** 	lista_eventos[tail]=nuevo;				 //guardamos en cola
 2296              		.loc 1 68 0
 2297 0060 82418CE7 		str	r4, [ip, r2, asl #3]
  71:../cola_depuracion.c **** 		tail=0;
 2298              		.loc 1 71 0
 2299 0064 0020A003 		moveq	r2, #0
  73:../cola_depuracion.c **** 		tail++;
 2300              		.loc 1 73 0
 2301 0068 01208212 		addne	r2, r2, #1
 2302 006c 082083E5 		str	r2, [r3, #8]
 2303              		.loc 1 75 0
 2304 0070 012080E2 		add	r2, r0, #1
 2305 0074 0C2083E5 		str	r2, [r3, #12]
  76:../cola_depuracion.c **** }
 2306              		.loc 1 76 0
 2307 0078 14D04BE2 		sub	sp, fp, #20
 2308 007c 30689DE8 		ldmfd	sp, {r4, r5, fp, sp, lr}
 2309 0080 1EFF2FE1 		bx	lr
 2310              	.L8:
 2311              		.align	2
 2312              	.L7:
 2313 0084 00000000 		.word	.LANCHOR0
 2314              		.cfi_endproc
 2315              	.LFE1:
 2317              		.align	2
 2318              		.global	pop_debug
 2320              	pop_debug:
 2321              	.LFB2:
  77:../cola_depuracion.c **** 
  78:../cola_depuracion.c **** /*********************************************************************************************
  79:../cola_depuracion.c **** * Lee un evento de la cola.
  80:../cola_depuracion.c **** *********************************************************************************************/
  81:../cola_depuracion.c **** void pop_debug(ID_evento *evento, uint32_t *auxData, unsigned int *time){
 2322              		.loc 1 81 0
 2323              		.cfi_startproc
 2324              		@ Function supports interworking.
 2325              		@ args = 0, pretend = 0, frame = 0
 2326              		@ frame_needed = 0, uses_anonymous_args = 0
 2327              		@ link register save eliminated.
 2328              	.LVL6:
  82:../cola_depuracion.c **** 	if(n!=0){
 2329              		.loc 1 82 0
 2330 0088 58309FE5 		ldr	r3, .L14
 2331 008c 0CC093E5 		ldr	ip, [r3, #12]
 2332 0090 00005CE3 		cmp	ip, #0
  81:../cola_depuracion.c **** void pop_debug(ID_evento *evento, uint32_t *auxData, unsigned int *time){
 2333              		.loc 1 81 0
 2334 0094 F0002DE9 		stmfd	sp!, {r4, r5, r6, r7}
 2335              	.LCFI2:
 2336              		.cfi_def_cfa_offset 16
 2337              		.loc 1 82 0
 2338 0098 1000000A 		beq	.L9
 2339              		.cfi_offset 7, -4
 2340              		.cfi_offset 6, -8
 2341              		.cfi_offset 5, -12
 2342              		.cfi_offset 4, -16
 2343              	.LBB2:
  83:../cola_depuracion.c **** 		uint32_t get_ID_Data=lista_eventos[head].ID_evento_auxData;//leemos evento
 2344              		.loc 1 83 0
 2345 009c 044093E5 		ldr	r4, [r3, #4]
 2346 00a0 007093E5 		ldr	r7, [r3, #0]
 2347 00a4 845197E7 		ldr	r5, [r7, r4, asl #3]
 2348              	.LVL7:
 2349 00a8 846187E0 		add	r6, r7, r4, asl #3
  84:../cola_depuracion.c **** 		*evento=get_ID_Data>>24;			//nos quedamos con los 8 primeros bits
  85:../cola_depuracion.c **** 		*auxData=get_ID_Data&(0x00ffffff);	//nos quedamos con los 24 ultimos bits
  86:../cola_depuracion.c **** 
  87:../cola_depuracion.c **** 		*time=lista_eventos[head].momento_invocacion;//leemos instante
 2350              		.loc 1 87 0
 2351 00ac 046096E5 		ldr	r6, [r6, #4]
  88:../cola_depuracion.c **** 
  89:../cola_depuracion.c **** 		if(head==MAXEVENTOS){//si hemos leido en la ultima pos, la siguiente leerá en la pos 0
 2352              		.loc 1 89 0
 2353 00b0 010C54E3 		cmp	r4, #256
  84:../cola_depuracion.c **** 		*evento=get_ID_Data>>24;			//nos quedamos con los 8 primeros bits
 2354              		.loc 1 84 0
 2355 00b4 257CA0E1 		mov	r7, r5, lsr #24
  85:../cola_depuracion.c **** 		*auxData=get_ID_Data&(0x00ffffff);	//nos quedamos con los 24 ultimos bits
 2356              		.loc 1 85 0
 2357 00b8 FF54C5E3 		bic	r5, r5, #-16777216
  84:../cola_depuracion.c **** 		*evento=get_ID_Data>>24;			//nos quedamos con los 8 primeros bits
 2358              		.loc 1 84 0
 2359 00bc 0070C0E5 		strb	r7, [r0, #0]
  90:../cola_depuracion.c **** 			head=0;
  91:../cola_depuracion.c **** 		}else{
  92:../cola_depuracion.c **** 			head++;
 2360              		.loc 1 92 0
 2361 00c0 01408412 		addne	r4, r4, #1
  85:../cola_depuracion.c **** 		*auxData=get_ID_Data&(0x00ffffff);	//nos quedamos con los 24 ultimos bits
 2362              		.loc 1 85 0
 2363 00c4 005081E5 		str	r5, [r1, #0]
  93:../cola_depuracion.c **** 		}
  94:../cola_depuracion.c **** 		n--;
 2364              		.loc 1 94 0
 2365 00c8 01C04CE2 		sub	ip, ip, #1
  87:../cola_depuracion.c **** 		*time=lista_eventos[head].momento_invocacion;//leemos instante
 2366              		.loc 1 87 0
 2367 00cc 006082E5 		str	r6, [r2, #0]
  90:../cola_depuracion.c **** 			head=0;
 2368              		.loc 1 90 0
 2369 00d0 0020A003 		moveq	r2, #0
 2370              	.LVL8:
 2371 00d4 04208305 		streq	r2, [r3, #4]
  92:../cola_depuracion.c **** 			head++;
 2372              		.loc 1 92 0
 2373 00d8 04408315 		strne	r4, [r3, #4]
 2374              		.loc 1 94 0
 2375 00dc 0CC083E5 		str	ip, [r3, #12]
 2376              	.LVL9:
 2377              	.L9:
 2378              	.LBE2:
  95:../cola_depuracion.c **** 	}
  96:../cola_depuracion.c **** }
 2379              		.loc 1 96 0
 2380 00e0 F000BDE8 		ldmfd	sp!, {r4, r5, r6, r7}
 2381 00e4 1EFF2FE1 		bx	lr
 2382              	.L15:
 2383              		.align	2
 2384              	.L14:
 2385 00e8 00000000 		.word	.LANCHOR0
 2386              		.cfi_endproc
 2387              	.LFE2:
 2389              		.align	2
 2390              		.global	hayEvento
 2392              	hayEvento:
 2393              	.LFB3:
  97:../cola_depuracion.c **** 
  98:../cola_depuracion.c **** /*********************************************************************************************
  99:../cola_depuracion.c **** * Devuelve true si hay eventos en la cola que no han sido leidos.
 100:../cola_depuracion.c **** *********************************************************************************************/
 101:../cola_depuracion.c **** int hayEvento(){
 2394              		.loc 1 101 0
 2395              		.cfi_startproc
 2396              		@ Function supports interworking.
 2397              		@ args = 0, pretend = 0, frame = 0
 2398              		@ frame_needed = 0, uses_anonymous_args = 0
 2399              		@ link register save eliminated.
 102:../cola_depuracion.c **** 	return n!=0;
 2400              		.loc 1 102 0
 2401 00ec 0C309FE5 		ldr	r3, .L17
 2402 00f0 0C0093E5 		ldr	r0, [r3, #12]
 103:../cola_depuracion.c **** }
 2403              		.loc 1 103 0
 2404 00f4 000050E2 		subs	r0, r0, #0
 2405 00f8 0100A013 		movne	r0, #1
 2406 00fc 1EFF2FE1 		bx	lr
 2407              	.L18:
 2408              		.align	2
 2409              	.L17:
 2410 0100 00000000 		.word	.LANCHOR0
 2411              		.cfi_endproc
 2412              	.LFE3:
 2414              		.bss
 2415              		.align	2
 2416              		.set	.LANCHOR0,. + 0
 2419              	lista_eventos:
 2420 0000 00000000 		.space	4
 2423              	head:
 2424 0004 00000000 		.space	4
 2427              	tail:
 2428 0008 00000000 		.space	4
 2431              	n:
 2432 000c 00000000 		.space	4
 2433              		.text
 2434              	.Letext0:
DEFINED SYMBOLS
                            *ABS*:00000000 cola_depuracion.c
C:\Users\sergi\AppData\Local\Temp\cceIzjMg.s:2215   .text:00000000 $a
C:\Users\sergi\AppData\Local\Temp\cceIzjMg.s:2218   .text:00000000 cola_ini
C:\Users\sergi\AppData\Local\Temp\cceIzjMg.s:2242   .text:0000001c $d
C:\Users\sergi\AppData\Local\Temp\cceIzjMg.s:2247   .text:00000024 $a
C:\Users\sergi\AppData\Local\Temp\cceIzjMg.s:2250   .text:00000024 push_debug
C:\Users\sergi\AppData\Local\Temp\cceIzjMg.s:2313   .text:00000084 $d
C:\Users\sergi\AppData\Local\Temp\cceIzjMg.s:2317   .text:00000088 $a
C:\Users\sergi\AppData\Local\Temp\cceIzjMg.s:2320   .text:00000088 pop_debug
C:\Users\sergi\AppData\Local\Temp\cceIzjMg.s:2385   .text:000000e8 $d
C:\Users\sergi\AppData\Local\Temp\cceIzjMg.s:2389   .text:000000ec $a
C:\Users\sergi\AppData\Local\Temp\cceIzjMg.s:2392   .text:000000ec hayEvento
C:\Users\sergi\AppData\Local\Temp\cceIzjMg.s:2410   .text:00000100 $d
C:\Users\sergi\AppData\Local\Temp\cceIzjMg.s:2415   .bss:00000000 $d
C:\Users\sergi\AppData\Local\Temp\cceIzjMg.s:2419   .bss:00000000 lista_eventos
C:\Users\sergi\AppData\Local\Temp\cceIzjMg.s:2423   .bss:00000004 head
C:\Users\sergi\AppData\Local\Temp\cceIzjMg.s:2427   .bss:00000008 tail
C:\Users\sergi\AppData\Local\Temp\cceIzjMg.s:2431   .bss:0000000c n
                     .debug_frame:00000010 $d

UNDEFINED SYMBOLS
timer2_leer
